running establish strategy
<font color='red'>æ— æ³•è¿æ¥æœåŠ¡å™¨!</font></div></fieldset><br /><fieldset><legend>é”™è¯¯ä¿¡æ¯æç¤º</legend><div style='font-size:14px; font-family:Verdana, Arial, Helvetica, sans-serif;'>é”™è¯¯åŸå› ï¼šToo many connections<br /><br /><div style='line-height:20px; background:#F00; border:1px solid #F00; color:#FFF;'>æ— æ³•è¿æ¥æ•°æ®åº“ï¼š</div><font color='red'>simserver</font><br />__é”™è¯¯è®°å½•è¢«ä¿å­˜åˆ°æ–‡ä»¶2016-04-08.txt!</div></fieldset><br /><fieldset><legend>é”™è¯¯ä¿¡æ¯æç¤º</legend><div style='font-size:14px; font-family:Verdana, Arial, Helvetica, sans-serif;'>é”™è¯¯åŸå› ï¼šToo many connections<br /><br /><div style='line-height:20px; background:#F00; border:1px solid #F00; color:#FFF;'>sqlè¯­å¥é”™è¯¯ï¼š</div><font color='red'>selectdone...
done...
done...
done...
done...
done...
done...
done...
done...
done...
done...
done...
done...
done...
done...
done...
done...
ieldset><legend>é”™è¯¯ä¿¡æ¯æç¤º</legend><div style='font-size:14px; font-family:Verdana, Arial, Helvetica, sans-serif;'>é”™è¯¯åŸå› ï¼šToo many connections<br /><br /><div style='line-height:20px; background:#F00; border:1px solid #F00; color:#FFF;'>sqlè¯­å¥é”™è¯¯ï¼š</div><font color='red'>select * from tb_simbank_link_info where n_sb_link_stat = 1 order by n_sb_link_call_total_time desc</font><br />__é”™è¯¯è®°å½•è¢«ä¿å­˜åˆ°æ–‡ä»¶2016-04-08.txt!</div></fieldset><br /></font></div></fieldset><br /><fieldset><legend>é”™è¯¯ä¿¡æ¯æç¤º</legend><div style='font-size:14px; font-family:Verdana, Arial, Helvetica, sans-serif;'>é”™è¯¯åŸå› ï¼šToo many connections<br /><br /><div style='line-height:20px; background:#F00; border:1px solid #F00; color:#FFF;'>æ— æ³•è¿æ¥æ•°æ®åº“ï¼š</div><font color='red'>simserver</font><br />__é”™è¯¯è®°å½•è¢«ä¿å­˜åˆ°æ–‡ä»¶2016-04-08.txt!</div></fieldset><br /><fieldset><legend>é”™è¯¯ä¿¡æ¯æç¤º</legend><div style='font-size:14px; font-family:Verdana, Arial, Helvetica, sans-serif;'>é”™è¯¯åŸå› ï¼š<br /><br /><div style='line-height:20px; background:#F00; border:1px solid #F00; color:#FFF;'>sqlè¯­å¥é”™è¯¯ï¼š</div><font color='red'>select * from tb_simbank_link_info where n_sb_link_stat=2</font><br />__é”™è¯¯è®°å½•è¢«ä¿å­˜åˆ°æ–done...
done...
done...
done...
done...
/><fielddone...
done...
¯¯ä¿¡æ¯done...
legend><done...
e='font-size:14px; font-family:Verdana, Arial, Helvetica, sans-serif;'>é”™è¯¯åŸå› ï¼š<br /><br /><div style='line-height:20px; background:#F00; border:1px solid #F00; color:#FFF;'>sqlè¯­å¥é”™è¯¯ï¼š</div><font color='red'>select * from tb_simbank_link_info where n_sb_link_stat = 1 order by n_sb_link_call_total_time desc</font><br />__é”™è¯¯è®°å½•è¢«ä¿å­˜åˆ°æ–‡ä»¶2016-04-08.txt!</div></fieldset><br />™è¯¯ä¿¡æ¯æç¤º</legend><div style='font-size:14px; font-family:Verdana, Arial, Helvetica, sans-serif;'>é”™è¯¯åŸå› ï¼š<br /><br /><div style='line-height:20px; background:#F00; border:1px solid #F00; color:#FFF;'>sqlè¯­å¥é”™è¯¯ï¼š</div><font color='red'>select * from tb_simbank_link_info where n_sb_link_stat=2</font><br />__é”™è¯¯è®°å½•è¢«ä¿å­˜åˆ°æ–‡ä»¶2016-04-08.txt!</div></fieldset><br /><fieldset><legend>é”™è¯¯ä¿¡æ¯æç¤º</legend><div style='font-size:14px; font-family:Verdana, Arial, Helvetica, sans-serif;'>é”™è¯¯åŸå› ï¼š<br /><br /><div style='line-height:20px; background:#F00; border:1px solid #F00; color:#FFF;'>sqlè¯­å¥é”™è¯¯ï¼š</div><font color='red'>select * from tb_simbank_link_info where n_sb_link_stat = 1 order by n_sb_link_call_total_time desc</font><br />__é”™è¯¯è®°å½•è¢«ä¿å­˜åˆ°æ–‡ä»¶2016-04-08.txt!</div></fieldset><br />done...
done...
4-08.txt!</div></fieldset><br />done...
done...
t><br />done...
done...
